2024-05-20 19:26:54.920 [main] ERROR u.biod.pp2oa.database.MySqlCreate - Error on getDriver
java.sql.SQLException: Access denied for user 'root'@'localhost' (using password: YES)
	at com.mysql.cj.jdbc.exceptions.SQLError.createSQLException(SQLError.java:130)
	at com.mysql.cj.jdbc.exceptions.SQLExceptionsMapping.translateException(SQLExceptionsMapping.java:122)
	at com.mysql.cj.jdbc.ConnectionImpl.createNewIO(ConnectionImpl.java:825)
	at com.mysql.cj.jdbc.ConnectionImpl.<init>(ConnectionImpl.java:446)
	at com.mysql.cj.jdbc.ConnectionImpl.getInstance(ConnectionImpl.java:239)
	at com.mysql.cj.jdbc.NonRegisteringDriver.connect(NonRegisteringDriver.java:188)
	at java.sql/java.sql.DriverManager.getConnection(DriverManager.java:681)
	at java.sql/java.sql.DriverManager.getConnection(DriverManager.java:229)
	at ufpa.biod.pp2oa.database.MySqlCreate.getDriver(MySqlCreate.java:44)
	at ufpa.biod.pp2oa.database.MySqlCreate.create(MySqlCreate.java:69)
	at ufpa.biod.pp2oa.database.ManagerDb.create(ManagerDb.java:31)
	at ufpa.biod.pp2oa.server.Server.<init>(Server.java:43)
	at ufpa.biod.pp2oa.server.Server.main(Server.java:100)
2024-05-20 20:13:12.916 [main] ERROR u.biod.pp2oa.database.MySqlCreate - Error on getDriver
com.mysql.cj.jdbc.exceptions.CommunicationsException: Communications link failure

The last packet sent successfully to the server was 0 milliseconds ago. The driver has not received any packets from the server.
	at com.mysql.cj.jdbc.exceptions.SQLError.createCommunicationsException(SQLError.java:175)
	at com.mysql.cj.jdbc.exceptions.SQLExceptionsMapping.translateException(SQLExceptionsMapping.java:64)
	at com.mysql.cj.jdbc.ConnectionImpl.createNewIO(ConnectionImpl.java:825)
	at com.mysql.cj.jdbc.ConnectionImpl.<init>(ConnectionImpl.java:446)
	at com.mysql.cj.jdbc.ConnectionImpl.getInstance(ConnectionImpl.java:239)
	at com.mysql.cj.jdbc.NonRegisteringDriver.connect(NonRegisteringDriver.java:188)
	at java.sql/java.sql.DriverManager.getConnection(DriverManager.java:681)
	at java.sql/java.sql.DriverManager.getConnection(DriverManager.java:229)
	at ufpa.biod.pp2oa.database.MySqlCreate.getDriver(MySqlCreate.java:44)
	at ufpa.biod.pp2oa.database.MySqlCreate.create(MySqlCreate.java:69)
	at ufpa.biod.pp2oa.database.ManagerDb.create(ManagerDb.java:31)
	at ufpa.biod.pp2oa.server.Server.<init>(Server.java:43)
	at ufpa.biod.pp2oa.server.Server.main(Server.java:100)
Caused by: com.mysql.cj.exceptions.CJCommunicationsException: Communications link failure

The last packet sent successfully to the server was 0 milliseconds ago. The driver has not received any packets from the server.
	at java.base/jdk.internal.reflect.NativeConstructorAccessorImpl.newInstance0(Native Method)
	at java.base/jdk.internal.reflect.NativeConstructorAccessorImpl.newInstance(NativeConstructorAccessorImpl.java:77)
	at java.base/jdk.internal.reflect.DelegatingConstructorAccessorImpl.newInstance(DelegatingConstructorAccessorImpl.java:45)
	at java.base/java.lang.reflect.Constructor.newInstanceWithCaller(Constructor.java:499)
	at java.base/java.lang.reflect.Constructor.newInstance(Constructor.java:480)
	at com.mysql.cj.exceptions.ExceptionFactory.createException(ExceptionFactory.java:62)
	at com.mysql.cj.exceptions.ExceptionFactory.createException(ExceptionFactory.java:105)
	at com.mysql.cj.exceptions.ExceptionFactory.createException(ExceptionFactory.java:150)
	at com.mysql.cj.exceptions.ExceptionFactory.createCommunicationsException(ExceptionFactory.java:166)
	at com.mysql.cj.protocol.a.NativeSocketConnection.connect(NativeSocketConnection.java:89)
	at com.mysql.cj.NativeSession.connect(NativeSession.java:121)
	at com.mysql.cj.jdbc.ConnectionImpl.connectOneTryOnly(ConnectionImpl.java:945)
	at com.mysql.cj.jdbc.ConnectionImpl.createNewIO(ConnectionImpl.java:815)
	... 10 common frames omitted
Caused by: java.net.ConnectException: Connection refused: connect
	at java.base/sun.nio.ch.Net.connect0(Native Method)
	at java.base/sun.nio.ch.Net.connect(Net.java:579)
	at java.base/sun.nio.ch.Net.connect(Net.java:568)
	at java.base/sun.nio.ch.NioSocketImpl.connect(NioSocketImpl.java:593)
	at java.base/java.net.SocksSocketImpl.connect(SocksSocketImpl.java:327)
	at java.base/java.net.Socket.connect(Socket.java:633)
	at com.mysql.cj.protocol.StandardSocketFactory.connect(StandardSocketFactory.java:153)
	at com.mysql.cj.protocol.a.NativeSocketConnection.connect(NativeSocketConnection.java:63)
	... 13 common frames omitted
2024-05-20 20:14:11.925 [main] ERROR u.biod.pp2oa.database.MySqlCreate - Error on getDriver
com.mysql.cj.jdbc.exceptions.CommunicationsException: Communications link failure

The last packet sent successfully to the server was 0 milliseconds ago. The driver has not received any packets from the server.
	at com.mysql.cj.jdbc.exceptions.SQLError.createCommunicationsException(SQLError.java:175)
	at com.mysql.cj.jdbc.exceptions.SQLExceptionsMapping.translateException(SQLExceptionsMapping.java:64)
	at com.mysql.cj.jdbc.ConnectionImpl.createNewIO(ConnectionImpl.java:825)
	at com.mysql.cj.jdbc.ConnectionImpl.<init>(ConnectionImpl.java:446)
	at com.mysql.cj.jdbc.ConnectionImpl.getInstance(ConnectionImpl.java:239)
	at com.mysql.cj.jdbc.NonRegisteringDriver.connect(NonRegisteringDriver.java:188)
	at java.sql/java.sql.DriverManager.getConnection(DriverManager.java:681)
	at java.sql/java.sql.DriverManager.getConnection(DriverManager.java:229)
	at ufpa.biod.pp2oa.database.MySqlCreate.getDriver(MySqlCreate.java:44)
	at ufpa.biod.pp2oa.database.MySqlCreate.create(MySqlCreate.java:69)
	at ufpa.biod.pp2oa.database.ManagerDb.create(ManagerDb.java:31)
	at ufpa.biod.pp2oa.server.Server.<init>(Server.java:43)
	at ufpa.biod.pp2oa.server.Server.main(Server.java:100)
Caused by: com.mysql.cj.exceptions.CJCommunicationsException: Communications link failure

The last packet sent successfully to the server was 0 milliseconds ago. The driver has not received any packets from the server.
	at java.base/jdk.internal.reflect.NativeConstructorAccessorImpl.newInstance0(Native Method)
	at java.base/jdk.internal.reflect.NativeConstructorAccessorImpl.newInstance(NativeConstructorAccessorImpl.java:77)
	at java.base/jdk.internal.reflect.DelegatingConstructorAccessorImpl.newInstance(DelegatingConstructorAccessorImpl.java:45)
	at java.base/java.lang.reflect.Constructor.newInstanceWithCaller(Constructor.java:499)
	at java.base/java.lang.reflect.Constructor.newInstance(Constructor.java:480)
	at com.mysql.cj.exceptions.ExceptionFactory.createException(ExceptionFactory.java:62)
	at com.mysql.cj.exceptions.ExceptionFactory.createException(ExceptionFactory.java:105)
	at com.mysql.cj.exceptions.ExceptionFactory.createException(ExceptionFactory.java:150)
	at com.mysql.cj.exceptions.ExceptionFactory.createCommunicationsException(ExceptionFactory.java:166)
	at com.mysql.cj.protocol.a.NativeSocketConnection.connect(NativeSocketConnection.java:89)
	at com.mysql.cj.NativeSession.connect(NativeSession.java:121)
	at com.mysql.cj.jdbc.ConnectionImpl.connectOneTryOnly(ConnectionImpl.java:945)
	at com.mysql.cj.jdbc.ConnectionImpl.createNewIO(ConnectionImpl.java:815)
	... 10 common frames omitted
Caused by: java.net.ConnectException: Connection refused: connect
	at java.base/sun.nio.ch.Net.connect0(Native Method)
	at java.base/sun.nio.ch.Net.connect(Net.java:579)
	at java.base/sun.nio.ch.Net.connect(Net.java:568)
	at java.base/sun.nio.ch.NioSocketImpl.connect(NioSocketImpl.java:593)
	at java.base/java.net.SocksSocketImpl.connect(SocksSocketImpl.java:327)
	at java.base/java.net.Socket.connect(Socket.java:633)
	at com.mysql.cj.protocol.StandardSocketFactory.connect(StandardSocketFactory.java:153)
	at com.mysql.cj.protocol.a.NativeSocketConnection.connect(NativeSocketConnection.java:63)
	... 13 common frames omitted
2024-05-20 20:17:36.496 [main] ERROR u.biod.pp2oa.database.MySqlCreate - Error executing SQL statements for creating project table
java.sql.SQLSyntaxErrorException: You have an error in your SQL syntax; check the manual that corresponds to your MySQL server version for the right syntax to use near '' at line 35
	at com.mysql.cj.jdbc.exceptions.SQLError.createSQLException(SQLError.java:121)
	at com.mysql.cj.jdbc.exceptions.SQLExceptionsMapping.translateException(SQLExceptionsMapping.java:122)
	at com.mysql.cj.jdbc.StatementImpl.executeUpdateInternal(StatementImpl.java:1334)
	at com.mysql.cj.jdbc.StatementImpl.executeLargeUpdate(StatementImpl.java:2084)
	at com.mysql.cj.jdbc.StatementImpl.executeUpdate(StatementImpl.java:1245)
	at ufpa.biod.pp2oa.database.MySqlCreate.createParameter(MySqlCreate.java:302)
	at ufpa.biod.pp2oa.database.MySqlCreate.create(MySqlCreate.java:77)
	at ufpa.biod.pp2oa.database.ManagerDb.create(ManagerDb.java:31)
	at ufpa.biod.pp2oa.server.Server.<init>(Server.java:43)
	at ufpa.biod.pp2oa.server.Server.main(Server.java:100)
2024-05-20 20:20:27.621 [main] ERROR u.biod.pp2oa.database.MySqlCreate - Error executing SQL statements for creating project table
java.sql.SQLSyntaxErrorException: You have an error in your SQL syntax; check the manual that corresponds to your MySQL server version for the right syntax to use near '' at line 35
	at com.mysql.cj.jdbc.exceptions.SQLError.createSQLException(SQLError.java:121)
	at com.mysql.cj.jdbc.exceptions.SQLExceptionsMapping.translateException(SQLExceptionsMapping.java:122)
	at com.mysql.cj.jdbc.StatementImpl.executeUpdateInternal(StatementImpl.java:1334)
	at com.mysql.cj.jdbc.StatementImpl.executeLargeUpdate(StatementImpl.java:2084)
	at com.mysql.cj.jdbc.StatementImpl.executeUpdate(StatementImpl.java:1245)
	at ufpa.biod.pp2oa.database.MySqlCreate.createParameter(MySqlCreate.java:302)
	at ufpa.biod.pp2oa.database.MySqlCreate.create(MySqlCreate.java:77)
	at ufpa.biod.pp2oa.database.ManagerDb.create(ManagerDb.java:31)
	at ufpa.biod.pp2oa.server.Server.<init>(Server.java:43)
	at ufpa.biod.pp2oa.server.Server.main(Server.java:100)
2024-05-20 20:22:44.198 [pool-1-thread-1] ERROR u.biod.pp2oa.function.LoginFunction - Invalid Password
2024-05-20 20:22:44.218 [pool-1-thread-1] ERROR u.biod.pp2oa.handler.ErrorHandler - Error Executing Function: LOGIN
2024-05-20 20:22:47.116 [pool-1-thread-1] ERROR u.biod.pp2oa.function.LoginFunction - Invalid Password
2024-05-20 20:22:47.117 [pool-1-thread-1] ERROR u.biod.pp2oa.handler.ErrorHandler - Error Executing Function: LOGIN
2024-05-20 20:29:23.441 [pool-1-thread-1] ERROR u.b.p.f.CompressResultFunction - Error to compress file
java.lang.IllegalArgumentException: Parameter value cannot be null
	at ufpa.biod.pp2oa.model.Message.addParameter(Message.java:58)
	at ufpa.biod.pp2oa.executor.OutputFileProcessor.compress(OutputFileProcessor.java:58)
	at ufpa.biod.pp2oa.function.CompressResultFunction.execute(CompressResultFunction.java:34)
	at ufpa.biod.pp2oa.model.Functions.execute(Functions.java:103)
	at ufpa.biod.pp2oa.handler.ClientHandler.handleClient(ClientHandler.java:86)
	at ufpa.biod.pp2oa.server.Server.lambda$0(Server.java:92)
	at java.base/java.util.concurrent.Executors$RunnableAdapter.call(Executors.java:539)
	at java.base/java.util.concurrent.FutureTask.run(FutureTask.java:264)
	at java.base/java.util.concurrent.ThreadPoolExecutor.runWorker(ThreadPoolExecutor.java:1136)
	at java.base/java.util.concurrent.ThreadPoolExecutor$Worker.run(ThreadPoolExecutor.java:635)
	at java.base/java.lang.Thread.run(Thread.java:840)
2024-05-20 20:29:23.447 [pool-1-thread-1] ERROR u.biod.pp2oa.handler.ErrorHandler - Error Executing Function: COMPRESS_RESULT
2024-05-20 20:29:23.481 [pool-1-thread-1] ERROR u.b.p.function.DownloadFileFunction - Error to download file
java.lang.IllegalArgumentException: Parameter not found: GENERATED_ZIP_FILE
	at ufpa.biod.pp2oa.model.Message.getParameter(Message.java:81)
	at ufpa.biod.pp2oa.function.DownloadFileFunction.execute(DownloadFileFunction.java:39)
	at ufpa.biod.pp2oa.model.Functions.execute(Functions.java:103)
	at ufpa.biod.pp2oa.handler.ClientHandler.handleClient(ClientHandler.java:86)
	at ufpa.biod.pp2oa.server.Server.lambda$0(Server.java:92)
	at java.base/java.util.concurrent.Executors$RunnableAdapter.call(Executors.java:539)
	at java.base/java.util.concurrent.FutureTask.run(FutureTask.java:264)
	at java.base/java.util.concurrent.ThreadPoolExecutor.runWorker(ThreadPoolExecutor.java:1136)
	at java.base/java.util.concurrent.ThreadPoolExecutor$Worker.run(ThreadPoolExecutor.java:635)
	at java.base/java.lang.Thread.run(Thread.java:840)
2024-05-20 20:29:23.485 [pool-1-thread-1] ERROR u.biod.pp2oa.handler.ErrorHandler - Error Executing Function: DOWNLOAD_RESULT
2024-05-20 20:32:46.644 [pool-1-thread-2] ERROR u.b.p.f.CompressResultFunction - Error to compress file
java.lang.IllegalArgumentException: Parameter value cannot be null
	at ufpa.biod.pp2oa.model.Message.addParameter(Message.java:58)
	at ufpa.biod.pp2oa.executor.OutputFileProcessor.compress(OutputFileProcessor.java:58)
	at ufpa.biod.pp2oa.function.CompressResultFunction.execute(CompressResultFunction.java:34)
	at ufpa.biod.pp2oa.model.Functions.execute(Functions.java:103)
	at ufpa.biod.pp2oa.handler.ClientHandler.handleClient(ClientHandler.java:86)
	at ufpa.biod.pp2oa.server.Server.lambda$0(Server.java:92)
	at java.base/java.util.concurrent.Executors$RunnableAdapter.call(Executors.java:539)
	at java.base/java.util.concurrent.FutureTask.run(FutureTask.java:264)
	at java.base/java.util.concurrent.ThreadPoolExecutor.runWorker(ThreadPoolExecutor.java:1136)
	at java.base/java.util.concurrent.ThreadPoolExecutor$Worker.run(ThreadPoolExecutor.java:635)
	at java.base/java.lang.Thread.run(Thread.java:840)
2024-05-20 20:32:46.646 [pool-1-thread-2] ERROR u.biod.pp2oa.handler.ErrorHandler - Error Executing Function: COMPRESS_RESULT
2024-05-20 20:32:46.663 [pool-1-thread-2] ERROR u.b.p.function.DownloadFileFunction - Error to download file
java.lang.IllegalArgumentException: Parameter not found: GENERATED_ZIP_FILE
	at ufpa.biod.pp2oa.model.Message.getParameter(Message.java:81)
	at ufpa.biod.pp2oa.function.DownloadFileFunction.execute(DownloadFileFunction.java:39)
	at ufpa.biod.pp2oa.model.Functions.execute(Functions.java:103)
	at ufpa.biod.pp2oa.handler.ClientHandler.handleClient(ClientHandler.java:86)
	at ufpa.biod.pp2oa.server.Server.lambda$0(Server.java:92)
	at java.base/java.util.concurrent.Executors$RunnableAdapter.call(Executors.java:539)
	at java.base/java.util.concurrent.FutureTask.run(FutureTask.java:264)
	at java.base/java.util.concurrent.ThreadPoolExecutor.runWorker(ThreadPoolExecutor.java:1136)
	at java.base/java.util.concurrent.ThreadPoolExecutor$Worker.run(ThreadPoolExecutor.java:635)
	at java.base/java.lang.Thread.run(Thread.java:840)
2024-05-20 20:32:46.665 [pool-1-thread-2] ERROR u.biod.pp2oa.handler.ErrorHandler - Error Executing Function: DOWNLOAD_RESULT
2024-05-20 20:45:21.497 [pool-1-thread-1] ERROR u.biod.pp2oa.handler.MessageHandler - Error sending message to client
java.net.SocketException: Connection reset by peer
	at java.base/sun.nio.ch.NioSocketImpl.implWrite(NioSocketImpl.java:425)
	at java.base/sun.nio.ch.NioSocketImpl.write(NioSocketImpl.java:445)
	at java.base/sun.nio.ch.NioSocketImpl$2.write(NioSocketImpl.java:831)
	at java.base/java.net.Socket$SocketOutputStream.write(Socket.java:1035)
	at java.base/java.io.ObjectOutputStream$BlockDataOutputStream.drain(ObjectOutputStream.java:1886)
	at java.base/java.io.ObjectOutputStream$BlockDataOutputStream.setBlockDataMode(ObjectOutputStream.java:1795)
	at java.base/java.io.ObjectOutputStream.reset(ObjectOutputStream.java:505)
	at ufpa.biod.pp2oa.handler.MessageHandler.handleMessage(MessageHandler.java:81)
	at ufpa.biod.pp2oa.handler.MessageHandler.runHandle(MessageHandler.java:52)
	at ufpa.biod.pp2oa.handler.MessageHandler.runNext(MessageHandler.java:65)
	at ufpa.biod.pp2oa.handler.MessageHandler.runHandle(MessageHandler.java:58)
	at ufpa.biod.pp2oa.handler.ClientHandler.handleClient(ClientHandler.java:91)
	at ufpa.biod.pp2oa.server.Server.lambda$0(Server.java:92)
	at java.base/java.util.concurrent.Executors$RunnableAdapter.call(Executors.java:539)
	at java.base/java.util.concurrent.FutureTask.run(FutureTask.java:264)
	at java.base/java.util.concurrent.ThreadPoolExecutor.runWorker(ThreadPoolExecutor.java:1136)
	at java.base/java.util.concurrent.ThreadPoolExecutor$Worker.run(ThreadPoolExecutor.java:635)
	at java.base/java.lang.Thread.run(Thread.java:840)
2024-05-20 20:48:00.711 [pool-1-thread-4] ERROR ufpa.biod.pp2oa.dao.ProjectDao - Error finding project
javax.persistence.NoResultException: No entity found for query
	at org.hibernate.query.internal.AbstractProducedQuery.getSingleResult(AbstractProducedQuery.java:1667)
	at ufpa.biod.pp2oa.dao.ProjectDao.find(ProjectDao.java:118)
	at ufpa.biod.pp2oa.function.GetProjectByHashFunction.execute(GetProjectByHashFunction.java:47)
	at ufpa.biod.pp2oa.model.Functions.execute(Functions.java:103)
	at ufpa.biod.pp2oa.handler.ClientHandler.handleClient(ClientHandler.java:86)
	at ufpa.biod.pp2oa.server.Server.lambda$0(Server.java:92)
	at java.base/java.util.concurrent.Executors$RunnableAdapter.call(Executors.java:539)
	at java.base/java.util.concurrent.FutureTask.run(FutureTask.java:264)
	at java.base/java.util.concurrent.ThreadPoolExecutor.runWorker(ThreadPoolExecutor.java:1136)
	at java.base/java.util.concurrent.ThreadPoolExecutor$Worker.run(ThreadPoolExecutor.java:635)
	at java.base/java.lang.Thread.run(Thread.java:840)
2024-05-20 20:48:00.713 [pool-1-thread-4] ERROR u.b.p.f.GetProjectByHashFunction - Error to get project by hash
java.lang.IllegalArgumentException: source cannot be null
	at org.modelmapper.internal.util.Assert.notNull(Assert.java:53)
	at org.modelmapper.ModelMapper.map(ModelMapper.java:404)
	at ufpa.biod.pp2oa.function.GetProjectByHashFunction.execute(GetProjectByHashFunction.java:48)
	at ufpa.biod.pp2oa.model.Functions.execute(Functions.java:103)
	at ufpa.biod.pp2oa.handler.ClientHandler.handleClient(ClientHandler.java:86)
	at ufpa.biod.pp2oa.server.Server.lambda$0(Server.java:92)
	at java.base/java.util.concurrent.Executors$RunnableAdapter.call(Executors.java:539)
	at java.base/java.util.concurrent.FutureTask.run(FutureTask.java:264)
	at java.base/java.util.concurrent.ThreadPoolExecutor.runWorker(ThreadPoolExecutor.java:1136)
	at java.base/java.util.concurrent.ThreadPoolExecutor$Worker.run(ThreadPoolExecutor.java:635)
	at java.base/java.lang.Thread.run(Thread.java:840)
2024-05-20 20:48:00.715 [pool-1-thread-4] ERROR u.biod.pp2oa.handler.ErrorHandler - Error Executing Function: GET_PROJECT_BY_HASH
2024-05-20 20:49:40.318 [pool-1-thread-2] ERROR u.biod.pp2oa.handler.MessageHandler - Error sending message to client
java.net.SocketException: Connection reset by peer
	at java.base/sun.nio.ch.NioSocketImpl.implWrite(NioSocketImpl.java:425)
	at java.base/sun.nio.ch.NioSocketImpl.write(NioSocketImpl.java:445)
	at java.base/sun.nio.ch.NioSocketImpl$2.write(NioSocketImpl.java:831)
	at java.base/java.net.Socket$SocketOutputStream.write(Socket.java:1035)
	at java.base/java.io.ObjectOutputStream$BlockDataOutputStream.drain(ObjectOutputStream.java:1886)
	at java.base/java.io.ObjectOutputStream$BlockDataOutputStream.setBlockDataMode(ObjectOutputStream.java:1795)
	at java.base/java.io.ObjectOutputStream.reset(ObjectOutputStream.java:505)
	at ufpa.biod.pp2oa.handler.MessageHandler.handleMessage(MessageHandler.java:81)
	at ufpa.biod.pp2oa.handler.MessageHandler.runHandle(MessageHandler.java:52)
	at ufpa.biod.pp2oa.handler.MessageHandler.runNext(MessageHandler.java:65)
	at ufpa.biod.pp2oa.handler.MessageHandler.runHandle(MessageHandler.java:58)
	at ufpa.biod.pp2oa.handler.ClientHandler.handleClient(ClientHandler.java:91)
	at ufpa.biod.pp2oa.server.Server.lambda$0(Server.java:92)
	at java.base/java.util.concurrent.Executors$RunnableAdapter.call(Executors.java:539)
	at java.base/java.util.concurrent.FutureTask.run(FutureTask.java:264)
	at java.base/java.util.concurrent.ThreadPoolExecutor.runWorker(ThreadPoolExecutor.java:1136)
	at java.base/java.util.concurrent.ThreadPoolExecutor$Worker.run(ThreadPoolExecutor.java:635)
	at java.base/java.lang.Thread.run(Thread.java:840)
2024-05-20 21:26:31.489 [pool-1-thread-3] ERROR u.biod.pp2oa.handler.MessageHandler - Error sending message to client
java.net.SocketException: Connection reset by peer
	at java.base/sun.nio.ch.NioSocketImpl.implWrite(NioSocketImpl.java:425)
	at java.base/sun.nio.ch.NioSocketImpl.write(NioSocketImpl.java:445)
	at java.base/sun.nio.ch.NioSocketImpl$2.write(NioSocketImpl.java:831)
	at java.base/java.net.Socket$SocketOutputStream.write(Socket.java:1035)
	at java.base/java.io.ObjectOutputStream$BlockDataOutputStream.drain(ObjectOutputStream.java:1886)
	at java.base/java.io.ObjectOutputStream$BlockDataOutputStream.setBlockDataMode(ObjectOutputStream.java:1795)
	at java.base/java.io.ObjectOutputStream.reset(ObjectOutputStream.java:505)
	at ufpa.biod.pp2oa.handler.MessageHandler.handleMessage(MessageHandler.java:81)
	at ufpa.biod.pp2oa.handler.MessageHandler.runHandle(MessageHandler.java:52)
	at ufpa.biod.pp2oa.handler.MessageHandler.runNext(MessageHandler.java:65)
	at ufpa.biod.pp2oa.handler.MessageHandler.runHandle(MessageHandler.java:58)
	at ufpa.biod.pp2oa.handler.ClientHandler.handleClient(ClientHandler.java:91)
	at ufpa.biod.pp2oa.server.Server.lambda$0(Server.java:92)
	at java.base/java.util.concurrent.Executors$RunnableAdapter.call(Executors.java:539)
	at java.base/java.util.concurrent.FutureTask.run(FutureTask.java:264)
	at java.base/java.util.concurrent.ThreadPoolExecutor.runWorker(ThreadPoolExecutor.java:1136)
	at java.base/java.util.concurrent.ThreadPoolExecutor$Worker.run(ThreadPoolExecutor.java:635)
	at java.base/java.lang.Thread.run(Thread.java:840)
2024-05-20 21:26:39.804 [pool-1-thread-4] ERROR u.biod.pp2oa.handler.MessageHandler - Error sending message to client
java.net.SocketException: Connection reset by peer
	at java.base/sun.nio.ch.NioSocketImpl.implWrite(NioSocketImpl.java:425)
	at java.base/sun.nio.ch.NioSocketImpl.write(NioSocketImpl.java:445)
	at java.base/sun.nio.ch.NioSocketImpl$2.write(NioSocketImpl.java:831)
	at java.base/java.net.Socket$SocketOutputStream.write(Socket.java:1035)
	at java.base/java.io.ObjectOutputStream$BlockDataOutputStream.drain(ObjectOutputStream.java:1886)
	at java.base/java.io.ObjectOutputStream$BlockDataOutputStream.setBlockDataMode(ObjectOutputStream.java:1795)
	at java.base/java.io.ObjectOutputStream.reset(ObjectOutputStream.java:505)
	at ufpa.biod.pp2oa.handler.MessageHandler.handleMessage(MessageHandler.java:81)
	at ufpa.biod.pp2oa.handler.MessageHandler.runHandle(MessageHandler.java:52)
	at ufpa.biod.pp2oa.handler.MessageHandler.runNext(MessageHandler.java:65)
	at ufpa.biod.pp2oa.handler.MessageHandler.runHandle(MessageHandler.java:58)
	at ufpa.biod.pp2oa.handler.ClientHandler.handleClient(ClientHandler.java:91)
	at ufpa.biod.pp2oa.server.Server.lambda$0(Server.java:92)
	at java.base/java.util.concurrent.Executors$RunnableAdapter.call(Executors.java:539)
	at java.base/java.util.concurrent.FutureTask.run(FutureTask.java:264)
	at java.base/java.util.concurrent.ThreadPoolExecutor.runWorker(ThreadPoolExecutor.java:1136)
	at java.base/java.util.concurrent.ThreadPoolExecutor$Worker.run(ThreadPoolExecutor.java:635)
	at java.base/java.lang.Thread.run(Thread.java:840)
2024-05-20 21:26:44.399 [pool-1-thread-1] ERROR u.biod.pp2oa.handler.MessageHandler - Error sending message to client
java.net.SocketException: Connection reset by peer
	at java.base/sun.nio.ch.NioSocketImpl.implWrite(NioSocketImpl.java:425)
	at java.base/sun.nio.ch.NioSocketImpl.write(NioSocketImpl.java:445)
	at java.base/sun.nio.ch.NioSocketImpl$2.write(NioSocketImpl.java:831)
	at java.base/java.net.Socket$SocketOutputStream.write(Socket.java:1035)
	at java.base/java.io.ObjectOutputStream$BlockDataOutputStream.drain(ObjectOutputStream.java:1886)
	at java.base/java.io.ObjectOutputStream$BlockDataOutputStream.setBlockDataMode(ObjectOutputStream.java:1795)
	at java.base/java.io.ObjectOutputStream.reset(ObjectOutputStream.java:505)
	at ufpa.biod.pp2oa.handler.MessageHandler.handleMessage(MessageHandler.java:81)
	at ufpa.biod.pp2oa.handler.MessageHandler.runHandle(MessageHandler.java:52)
	at ufpa.biod.pp2oa.handler.MessageHandler.runNext(MessageHandler.java:65)
	at ufpa.biod.pp2oa.handler.MessageHandler.runHandle(MessageHandler.java:58)
	at ufpa.biod.pp2oa.handler.ClientHandler.handleClient(ClientHandler.java:91)
	at ufpa.biod.pp2oa.server.Server.lambda$0(Server.java:92)
	at java.base/java.util.concurrent.Executors$RunnableAdapter.call(Executors.java:539)
	at java.base/java.util.concurrent.FutureTask.run(FutureTask.java:264)
	at java.base/java.util.concurrent.ThreadPoolExecutor.runWorker(ThreadPoolExecutor.java:1136)
	at java.base/java.util.concurrent.ThreadPoolExecutor$Worker.run(ThreadPoolExecutor.java:635)
	at java.base/java.lang.Thread.run(Thread.java:840)
2024-05-20 21:26:45.409 [pool-1-thread-2] ERROR u.b.p.f.CompressResultFunction - Error to compress file
java.lang.IllegalArgumentException: Parameter value cannot be null
	at ufpa.biod.pp2oa.model.Message.addParameter(Message.java:58)
	at ufpa.biod.pp2oa.executor.OutputFileProcessor.compress(OutputFileProcessor.java:58)
	at ufpa.biod.pp2oa.function.CompressResultFunction.execute(CompressResultFunction.java:34)
	at ufpa.biod.pp2oa.model.Functions.execute(Functions.java:103)
	at ufpa.biod.pp2oa.handler.ClientHandler.handleClient(ClientHandler.java:86)
	at ufpa.biod.pp2oa.server.Server.lambda$0(Server.java:92)
	at java.base/java.util.concurrent.Executors$RunnableAdapter.call(Executors.java:539)
	at java.base/java.util.concurrent.FutureTask.run(FutureTask.java:264)
	at java.base/java.util.concurrent.ThreadPoolExecutor.runWorker(ThreadPoolExecutor.java:1136)
	at java.base/java.util.concurrent.ThreadPoolExecutor$Worker.run(ThreadPoolExecutor.java:635)
	at java.base/java.lang.Thread.run(Thread.java:840)
2024-05-20 21:26:45.411 [pool-1-thread-2] ERROR u.biod.pp2oa.handler.ErrorHandler - Error Executing Function: COMPRESS_RESULT
2024-05-20 21:26:45.433 [pool-1-thread-2] ERROR u.b.p.function.DownloadFileFunction - Error to download file
java.lang.IllegalArgumentException: Parameter not found: GENERATED_ZIP_FILE
	at ufpa.biod.pp2oa.model.Message.getParameter(Message.java:81)
	at ufpa.biod.pp2oa.function.DownloadFileFunction.execute(DownloadFileFunction.java:39)
	at ufpa.biod.pp2oa.model.Functions.execute(Functions.java:103)
	at ufpa.biod.pp2oa.handler.ClientHandler.handleClient(ClientHandler.java:86)
	at ufpa.biod.pp2oa.server.Server.lambda$0(Server.java:92)
	at java.base/java.util.concurrent.Executors$RunnableAdapter.call(Executors.java:539)
	at java.base/java.util.concurrent.FutureTask.run(FutureTask.java:264)
	at java.base/java.util.concurrent.ThreadPoolExecutor.runWorker(ThreadPoolExecutor.java:1136)
	at java.base/java.util.concurrent.ThreadPoolExecutor$Worker.run(ThreadPoolExecutor.java:635)
	at java.base/java.lang.Thread.run(Thread.java:840)
2024-05-20 21:26:45.435 [pool-1-thread-2] ERROR u.biod.pp2oa.handler.ErrorHandler - Error Executing Function: DOWNLOAD_RESULT
2024-05-20 21:35:23.710 [pool-1-thread-5] ERROR u.biod.pp2oa.handler.MessageHandler - Error sending message to client
java.net.SocketException: Connection reset by peer
	at java.base/sun.nio.ch.NioSocketImpl.implWrite(NioSocketImpl.java:425)
	at java.base/sun.nio.ch.NioSocketImpl.write(NioSocketImpl.java:445)
	at java.base/sun.nio.ch.NioSocketImpl$2.write(NioSocketImpl.java:831)
	at java.base/java.net.Socket$SocketOutputStream.write(Socket.java:1035)
	at java.base/java.io.ObjectOutputStream$BlockDataOutputStream.drain(ObjectOutputStream.java:1886)
	at java.base/java.io.ObjectOutputStream$BlockDataOutputStream.setBlockDataMode(ObjectOutputStream.java:1795)
	at java.base/java.io.ObjectOutputStream.reset(ObjectOutputStream.java:505)
	at ufpa.biod.pp2oa.handler.MessageHandler.handleMessage(MessageHandler.java:81)
	at ufpa.biod.pp2oa.handler.MessageHandler.runHandle(MessageHandler.java:52)
	at ufpa.biod.pp2oa.handler.MessageHandler.runNext(MessageHandler.java:65)
	at ufpa.biod.pp2oa.handler.MessageHandler.runHandle(MessageHandler.java:58)
	at ufpa.biod.pp2oa.handler.ClientHandler.handleClient(ClientHandler.java:91)
	at ufpa.biod.pp2oa.server.Server.lambda$0(Server.java:92)
	at java.base/java.util.concurrent.Executors$RunnableAdapter.call(Executors.java:539)
	at java.base/java.util.concurrent.FutureTask.run(FutureTask.java:264)
	at java.base/java.util.concurrent.ThreadPoolExecutor.runWorker(ThreadPoolExecutor.java:1136)
	at java.base/java.util.concurrent.ThreadPoolExecutor$Worker.run(ThreadPoolExecutor.java:635)
	at java.base/java.lang.Thread.run(Thread.java:840)
2024-05-20 21:56:52.333 [pool-1-thread-4] ERROR u.b.p.f.CompressResultFunction - Error to compress file
java.lang.IllegalArgumentException: Parameter value cannot be null
	at ufpa.biod.pp2oa.model.Message.addParameter(Message.java:58)
	at ufpa.biod.pp2oa.executor.OutputFileProcessor.compress(OutputFileProcessor.java:58)
	at ufpa.biod.pp2oa.function.CompressResultFunction.execute(CompressResultFunction.java:34)
	at ufpa.biod.pp2oa.model.Functions.execute(Functions.java:103)
	at ufpa.biod.pp2oa.handler.ClientHandler.handleClient(ClientHandler.java:86)
	at ufpa.biod.pp2oa.server.Server.lambda$0(Server.java:92)
	at java.base/java.util.concurrent.Executors$RunnableAdapter.call(Executors.java:539)
	at java.base/java.util.concurrent.FutureTask.run(FutureTask.java:264)
	at java.base/java.util.concurrent.ThreadPoolExecutor.runWorker(ThreadPoolExecutor.java:1136)
	at java.base/java.util.concurrent.ThreadPoolExecutor$Worker.run(ThreadPoolExecutor.java:635)
	at java.base/java.lang.Thread.run(Thread.java:840)
2024-05-20 21:56:52.337 [pool-1-thread-4] ERROR u.biod.pp2oa.handler.ErrorHandler - Error Executing Function: COMPRESS_RESULT
2024-05-20 21:56:52.362 [pool-1-thread-4] ERROR u.b.p.function.DownloadFileFunction - Error to download file
java.lang.IllegalArgumentException: Parameter not found: GENERATED_ZIP_FILE
	at ufpa.biod.pp2oa.model.Message.getParameter(Message.java:81)
	at ufpa.biod.pp2oa.function.DownloadFileFunction.execute(DownloadFileFunction.java:39)
	at ufpa.biod.pp2oa.model.Functions.execute(Functions.java:103)
	at ufpa.biod.pp2oa.handler.ClientHandler.handleClient(ClientHandler.java:86)
	at ufpa.biod.pp2oa.server.Server.lambda$0(Server.java:92)
	at java.base/java.util.concurrent.Executors$RunnableAdapter.call(Executors.java:539)
	at java.base/java.util.concurrent.FutureTask.run(FutureTask.java:264)
	at java.base/java.util.concurrent.ThreadPoolExecutor.runWorker(ThreadPoolExecutor.java:1136)
	at java.base/java.util.concurrent.ThreadPoolExecutor$Worker.run(ThreadPoolExecutor.java:635)
	at java.base/java.lang.Thread.run(Thread.java:840)
2024-05-20 21:56:52.365 [pool-1-thread-4] ERROR u.biod.pp2oa.handler.ErrorHandler - Error Executing Function: DOWNLOAD_RESULT
2024-05-20 22:00:12.240 [pool-1-thread-1] ERROR u.b.p.f.CompressResultFunction - Error to compress file
java.lang.IllegalArgumentException: Parameter value cannot be null
	at ufpa.biod.pp2oa.model.Message.addParameter(Message.java:58)
	at ufpa.biod.pp2oa.executor.OutputFileProcessor.compress(OutputFileProcessor.java:58)
	at ufpa.biod.pp2oa.function.CompressResultFunction.execute(CompressResultFunction.java:34)
	at ufpa.biod.pp2oa.model.Functions.execute(Functions.java:103)
	at ufpa.biod.pp2oa.handler.ClientHandler.handleClient(ClientHandler.java:86)
	at ufpa.biod.pp2oa.server.Server.lambda$0(Server.java:92)
	at java.base/java.util.concurrent.Executors$RunnableAdapter.call(Executors.java:539)
	at java.base/java.util.concurrent.FutureTask.run(FutureTask.java:264)
	at java.base/java.util.concurrent.ThreadPoolExecutor.runWorker(ThreadPoolExecutor.java:1136)
	at java.base/java.util.concurrent.ThreadPoolExecutor$Worker.run(ThreadPoolExecutor.java:635)
	at java.base/java.lang.Thread.run(Thread.java:840)
2024-05-20 22:00:12.241 [pool-1-thread-1] ERROR u.biod.pp2oa.handler.ErrorHandler - Error Executing Function: COMPRESS_RESULT
2024-05-20 22:00:12.255 [pool-1-thread-1] ERROR u.b.p.function.DownloadFileFunction - Error to download file
java.lang.IllegalArgumentException: Parameter not found: GENERATED_ZIP_FILE
	at ufpa.biod.pp2oa.model.Message.getParameter(Message.java:81)
	at ufpa.biod.pp2oa.function.DownloadFileFunction.execute(DownloadFileFunction.java:39)
	at ufpa.biod.pp2oa.model.Functions.execute(Functions.java:103)
	at ufpa.biod.pp2oa.handler.ClientHandler.handleClient(ClientHandler.java:86)
	at ufpa.biod.pp2oa.server.Server.lambda$0(Server.java:92)
	at java.base/java.util.concurrent.Executors$RunnableAdapter.call(Executors.java:539)
	at java.base/java.util.concurrent.FutureTask.run(FutureTask.java:264)
	at java.base/java.util.concurrent.ThreadPoolExecutor.runWorker(ThreadPoolExecutor.java:1136)
	at java.base/java.util.concurrent.ThreadPoolExecutor$Worker.run(ThreadPoolExecutor.java:635)
	at java.base/java.lang.Thread.run(Thread.java:840)
2024-05-20 22:00:12.257 [pool-1-thread-1] ERROR u.biod.pp2oa.handler.ErrorHandler - Error Executing Function: DOWNLOAD_RESULT
2024-05-20 22:40:26.321 [pool-1-thread-3] ERROR ufpa.biod.pp2oa.dao.ProjectDao - Error finding project
javax.persistence.NoResultException: No entity found for query
	at org.hibernate.query.internal.AbstractProducedQuery.getSingleResult(AbstractProducedQuery.java:1667)
	at ufpa.biod.pp2oa.dao.ProjectDao.find(ProjectDao.java:118)
	at ufpa.biod.pp2oa.function.GetProjectByHashFunction.execute(GetProjectByHashFunction.java:47)
	at ufpa.biod.pp2oa.model.Functions.execute(Functions.java:103)
	at ufpa.biod.pp2oa.handler.ClientHandler.handleClient(ClientHandler.java:86)
	at ufpa.biod.pp2oa.server.Server.lambda$0(Server.java:92)
	at java.base/java.util.concurrent.Executors$RunnableAdapter.call(Executors.java:539)
	at java.base/java.util.concurrent.FutureTask.run(FutureTask.java:264)
	at java.base/java.util.concurrent.ThreadPoolExecutor.runWorker(ThreadPoolExecutor.java:1136)
	at java.base/java.util.concurrent.ThreadPoolExecutor$Worker.run(ThreadPoolExecutor.java:635)
	at java.base/java.lang.Thread.run(Thread.java:840)
2024-05-20 22:40:26.323 [pool-1-thread-3] ERROR u.b.p.f.GetProjectByHashFunction - Error to get project by hash
java.lang.IllegalArgumentException: source cannot be null
	at org.modelmapper.internal.util.Assert.notNull(Assert.java:53)
	at org.modelmapper.ModelMapper.map(ModelMapper.java:404)
	at ufpa.biod.pp2oa.function.GetProjectByHashFunction.execute(GetProjectByHashFunction.java:48)
	at ufpa.biod.pp2oa.model.Functions.execute(Functions.java:103)
	at ufpa.biod.pp2oa.handler.ClientHandler.handleClient(ClientHandler.java:86)
	at ufpa.biod.pp2oa.server.Server.lambda$0(Server.java:92)
	at java.base/java.util.concurrent.Executors$RunnableAdapter.call(Executors.java:539)
	at java.base/java.util.concurrent.FutureTask.run(FutureTask.java:264)
	at java.base/java.util.concurrent.ThreadPoolExecutor.runWorker(ThreadPoolExecutor.java:1136)
	at java.base/java.util.concurrent.ThreadPoolExecutor$Worker.run(ThreadPoolExecutor.java:635)
	at java.base/java.lang.Thread.run(Thread.java:840)
2024-05-20 22:40:26.325 [pool-1-thread-3] ERROR u.biod.pp2oa.handler.ErrorHandler - Error Executing Function: GET_PROJECT_BY_HASH
2024-05-25 01:40:54.780 [pool-2-thread-1] ERROR u.b.pp2oa.executor.ProcessExecutor - Error executing command
java.io.IOException: Cannot run program "/opt/prokka/bin/prokka": CreateProcess error=2, O sistema não pode encontrar o arquivo especificado
	at java.base/java.lang.ProcessBuilder.start(ProcessBuilder.java:1143)
	at java.base/java.lang.ProcessBuilder.start(ProcessBuilder.java:1073)
	at ufpa.biod.pp2oa.executor.ProcessExecutor.execute(ProcessExecutor.java:56)
	at ufpa.biod.pp2oa.executor.Executor.execute(Executor.java:98)
	at ufpa.biod.pp2oa.function.ExecuteToolFunction.executeTool(ExecuteToolFunction.java:77)
	at ufpa.biod.pp2oa.function.ExecuteToolFunction.lambda$0(ExecuteToolFunction.java:45)
	at java.base/java.util.concurrent.FutureTask.run(FutureTask.java:264)
	at java.base/java.util.concurrent.ThreadPoolExecutor.runWorker(ThreadPoolExecutor.java:1136)
	at java.base/java.util.concurrent.ThreadPoolExecutor$Worker.run(ThreadPoolExecutor.java:635)
	at java.base/java.lang.Thread.run(Thread.java:840)
Caused by: java.io.IOException: CreateProcess error=2, O sistema não pode encontrar o arquivo especificado
	at java.base/java.lang.ProcessImpl.create(Native Method)
	at java.base/java.lang.ProcessImpl.<init>(ProcessImpl.java:499)
	at java.base/java.lang.ProcessImpl.start(ProcessImpl.java:158)
	at java.base/java.lang.ProcessBuilder.start(ProcessBuilder.java:1110)
	... 9 common frames omitted
2024-05-25 01:40:54.838 [pool-2-thread-1] ERROR ufpa.biod.pp2oa.executor.Executor - Execution failed because the process returned a non-zero exit value
2024-05-25 01:40:55.249 [pool-2-thread-1] ERROR u.b.p.function.ExecuteToolFunction - Error to execute tool
java.io.IOException: Execution failed because the process returned a non-zero exit value
	at ufpa.biod.pp2oa.executor.Executor.execute(Executor.java:106)
	at ufpa.biod.pp2oa.function.ExecuteToolFunction.executeTool(ExecuteToolFunction.java:77)
	at ufpa.biod.pp2oa.function.ExecuteToolFunction.lambda$0(ExecuteToolFunction.java:45)
	at java.base/java.util.concurrent.FutureTask.run(FutureTask.java:264)
	at java.base/java.util.concurrent.ThreadPoolExecutor.runWorker(ThreadPoolExecutor.java:1136)
	at java.base/java.util.concurrent.ThreadPoolExecutor$Worker.run(ThreadPoolExecutor.java:635)
	at java.base/java.lang.Thread.run(Thread.java:840)
2024-05-25 01:40:55.253 [pool-1-thread-1] ERROR u.biod.pp2oa.handler.ErrorHandler - Error Executing Function: EXECUTE_TOOL
2024-05-25 17:26:03.119 [main] ERROR u.biod.pp2oa.database.MySqlCreate - Error on getDriver
java.sql.SQLException: Access denied for user 'root'@'172.30.0.1' (using password: YES)
	at com.mysql.cj.jdbc.exceptions.SQLError.createSQLException(SQLError.java:130)
	at com.mysql.cj.jdbc.exceptions.SQLExceptionsMapping.translateException(SQLExceptionsMapping.java:122)
	at com.mysql.cj.jdbc.ConnectionImpl.createNewIO(ConnectionImpl.java:825)
	at com.mysql.cj.jdbc.ConnectionImpl.<init>(ConnectionImpl.java:446)
	at com.mysql.cj.jdbc.ConnectionImpl.getInstance(ConnectionImpl.java:239)
	at com.mysql.cj.jdbc.NonRegisteringDriver.connect(NonRegisteringDriver.java:188)
	at java.sql/java.sql.DriverManager.getConnection(DriverManager.java:681)
	at java.sql/java.sql.DriverManager.getConnection(DriverManager.java:229)
	at ufpa.biod.pp2oa.database.MySqlCreate.getDriver(MySqlCreate.java:44)
	at ufpa.biod.pp2oa.database.MySqlCreate.create(MySqlCreate.java:69)
	at ufpa.biod.pp2oa.database.ManagerDb.create(ManagerDb.java:31)
	at ufpa.biod.pp2oa.server.Server.<init>(Server.java:43)
	at ufpa.biod.pp2oa.server.Server.main(Server.java:100)
2024-05-25 17:27:27.336 [main] ERROR u.biod.pp2oa.database.MySqlCreate - Error on getDriver
java.sql.SQLException: Access denied for user 'root'@'172.18.0.1' (using password: YES)
	at com.mysql.cj.jdbc.exceptions.SQLError.createSQLException(SQLError.java:130)
	at com.mysql.cj.jdbc.exceptions.SQLExceptionsMapping.translateException(SQLExceptionsMapping.java:122)
	at com.mysql.cj.jdbc.ConnectionImpl.createNewIO(ConnectionImpl.java:825)
	at com.mysql.cj.jdbc.ConnectionImpl.<init>(ConnectionImpl.java:446)
	at com.mysql.cj.jdbc.ConnectionImpl.getInstance(ConnectionImpl.java:239)
	at com.mysql.cj.jdbc.NonRegisteringDriver.connect(NonRegisteringDriver.java:188)
	at java.sql/java.sql.DriverManager.getConnection(DriverManager.java:681)
	at java.sql/java.sql.DriverManager.getConnection(DriverManager.java:229)
	at ufpa.biod.pp2oa.database.MySqlCreate.getDriver(MySqlCreate.java:44)
	at ufpa.biod.pp2oa.database.MySqlCreate.create(MySqlCreate.java:69)
	at ufpa.biod.pp2oa.database.ManagerDb.create(ManagerDb.java:31)
	at ufpa.biod.pp2oa.server.Server.<init>(Server.java:43)
	at ufpa.biod.pp2oa.server.Server.main(Server.java:100)
2024-05-25 17:30:11.422 [main] ERROR u.biod.pp2oa.database.MySqlCreate - Error on getDriver
java.sql.SQLException: Access denied for user 'root'@'172.30.0.1' (using password: YES)
	at com.mysql.cj.jdbc.exceptions.SQLError.createSQLException(SQLError.java:130)
	at com.mysql.cj.jdbc.exceptions.SQLExceptionsMapping.translateException(SQLExceptionsMapping.java:122)
	at com.mysql.cj.jdbc.ConnectionImpl.createNewIO(ConnectionImpl.java:825)
	at com.mysql.cj.jdbc.ConnectionImpl.<init>(ConnectionImpl.java:446)
	at com.mysql.cj.jdbc.ConnectionImpl.getInstance(ConnectionImpl.java:239)
	at com.mysql.cj.jdbc.NonRegisteringDriver.connect(NonRegisteringDriver.java:188)
	at java.sql/java.sql.DriverManager.getConnection(DriverManager.java:681)
	at java.sql/java.sql.DriverManager.getConnection(DriverManager.java:229)
	at ufpa.biod.pp2oa.database.MySqlCreate.getDriver(MySqlCreate.java:44)
	at ufpa.biod.pp2oa.database.MySqlCreate.create(MySqlCreate.java:69)
	at ufpa.biod.pp2oa.database.ManagerDb.create(ManagerDb.java:31)
	at ufpa.biod.pp2oa.server.Server.<init>(Server.java:43)
	at ufpa.biod.pp2oa.server.Server.main(Server.java:100)
2024-05-25 17:31:43.217 [main] ERROR u.biod.pp2oa.database.MySqlCreate - Error on getDriver
java.sql.SQLException: Access denied for user 'root'@'172.30.0.1' (using password: YES)
	at com.mysql.cj.jdbc.exceptions.SQLError.createSQLException(SQLError.java:130)
	at com.mysql.cj.jdbc.exceptions.SQLExceptionsMapping.translateException(SQLExceptionsMapping.java:122)
	at com.mysql.cj.jdbc.ConnectionImpl.createNewIO(ConnectionImpl.java:825)
	at com.mysql.cj.jdbc.ConnectionImpl.<init>(ConnectionImpl.java:446)
	at com.mysql.cj.jdbc.ConnectionImpl.getInstance(ConnectionImpl.java:239)
	at com.mysql.cj.jdbc.NonRegisteringDriver.connect(NonRegisteringDriver.java:188)
	at java.sql/java.sql.DriverManager.getConnection(DriverManager.java:681)
	at java.sql/java.sql.DriverManager.getConnection(DriverManager.java:229)
	at ufpa.biod.pp2oa.database.MySqlCreate.getDriver(MySqlCreate.java:44)
	at ufpa.biod.pp2oa.database.MySqlCreate.create(MySqlCreate.java:69)
	at ufpa.biod.pp2oa.database.ManagerDb.create(ManagerDb.java:31)
	at ufpa.biod.pp2oa.server.Server.<init>(Server.java:43)
	at ufpa.biod.pp2oa.server.Server.main(Server.java:100)
2024-05-25 17:33:20.383 [main] ERROR u.biod.pp2oa.database.MySqlCreate - Error on getDriver
java.sql.SQLException: Access denied for user 'root'@'192.168.32.1' (using password: YES)
	at com.mysql.cj.jdbc.exceptions.SQLError.createSQLException(SQLError.java:130)
	at com.mysql.cj.jdbc.exceptions.SQLExceptionsMapping.translateException(SQLExceptionsMapping.java:122)
	at com.mysql.cj.jdbc.ConnectionImpl.createNewIO(ConnectionImpl.java:825)
	at com.mysql.cj.jdbc.ConnectionImpl.<init>(ConnectionImpl.java:446)
	at com.mysql.cj.jdbc.ConnectionImpl.getInstance(ConnectionImpl.java:239)
	at com.mysql.cj.jdbc.NonRegisteringDriver.connect(NonRegisteringDriver.java:188)
	at java.sql/java.sql.DriverManager.getConnection(DriverManager.java:681)
	at java.sql/java.sql.DriverManager.getConnection(DriverManager.java:229)
	at ufpa.biod.pp2oa.database.MySqlCreate.getDriver(MySqlCreate.java:44)
	at ufpa.biod.pp2oa.database.MySqlCreate.create(MySqlCreate.java:69)
	at ufpa.biod.pp2oa.database.ManagerDb.create(ManagerDb.java:31)
	at ufpa.biod.pp2oa.server.Server.<init>(Server.java:43)
	at ufpa.biod.pp2oa.server.Server.main(Server.java:100)
2024-05-25 17:36:18.111 [main] ERROR u.biod.pp2oa.database.MySqlCreate - Error executing SQL statements for creating tool table and inserting data
java.sql.SQLSyntaxErrorException: You have an error in your SQL syntax; check the manual that corresponds to your MySQL server version for the right syntax to use near '(9, 'Salmon_Index', '/opt/salmon/bin/salmon', FALSE, TRUE),
    (10, 'Salmon_Qua' at line 11
	at com.mysql.cj.jdbc.exceptions.SQLError.createSQLException(SQLError.java:121)
	at com.mysql.cj.jdbc.exceptions.SQLExceptionsMapping.translateException(SQLExceptionsMapping.java:122)
	at com.mysql.cj.jdbc.StatementImpl.executeUpdateInternal(StatementImpl.java:1334)
	at com.mysql.cj.jdbc.StatementImpl.executeLargeUpdate(StatementImpl.java:2084)
	at com.mysql.cj.jdbc.StatementImpl.executeUpdate(StatementImpl.java:1245)
	at ufpa.biod.pp2oa.database.MySqlCreate.createTool(MySqlCreate.java:150)
	at ufpa.biod.pp2oa.database.MySqlCreate.create(MySqlCreate.java:73)
	at ufpa.biod.pp2oa.database.ManagerDb.create(ManagerDb.java:31)
	at ufpa.biod.pp2oa.server.Server.<init>(Server.java:43)
	at ufpa.biod.pp2oa.server.Server.main(Server.java:100)
2024-05-25 17:36:18.193 [main] ERROR u.biod.pp2oa.database.MySqlCreate - Error executing SQL statements for creating project table
java.sql.SQLSyntaxErrorException: You have an error in your SQL syntax; check the manual that corresponds to your MySQL server version for the right syntax to use near '(1, 9, 'PENDING'),
(1, 10, 'PENDING'),
(1, 11, 'PENDING')' at line 10
	at com.mysql.cj.jdbc.exceptions.SQLError.createSQLException(SQLError.java:121)
	at com.mysql.cj.jdbc.exceptions.SQLExceptionsMapping.translateException(SQLExceptionsMapping.java:122)
	at com.mysql.cj.jdbc.StatementImpl.executeUpdateInternal(StatementImpl.java:1334)
	at com.mysql.cj.jdbc.StatementImpl.executeLargeUpdate(StatementImpl.java:2084)
	at com.mysql.cj.jdbc.StatementImpl.executeUpdate(StatementImpl.java:1245)
	at ufpa.biod.pp2oa.database.MySqlCreate.createProjectTool(MySqlCreate.java:241)
	at ufpa.biod.pp2oa.database.MySqlCreate.create(MySqlCreate.java:76)
	at ufpa.biod.pp2oa.database.ManagerDb.create(ManagerDb.java:31)
	at ufpa.biod.pp2oa.server.Server.<init>(Server.java:43)
	at ufpa.biod.pp2oa.server.Server.main(Server.java:100)
2024-05-25 17:36:18.226 [main] ERROR u.biod.pp2oa.database.MySqlCreate - Error executing SQL statements for creating project table
java.sql.SQLSyntaxErrorException: You have an error in your SQL syntax; check the manual that corresponds to your MySQL server version for the right syntax to use near '(33, 1, 9, 'index', NULL),
(34, 1, 9, '-t', '%refer%'),
(35, 1, 9, '-i', '%curre' at line 34
	at com.mysql.cj.jdbc.exceptions.SQLError.createSQLException(SQLError.java:121)
	at com.mysql.cj.jdbc.exceptions.SQLExceptionsMapping.translateException(SQLExceptionsMapping.java:122)
	at com.mysql.cj.jdbc.StatementImpl.executeUpdateInternal(StatementImpl.java:1334)
	at com.mysql.cj.jdbc.StatementImpl.executeLargeUpdate(StatementImpl.java:2084)
	at com.mysql.cj.jdbc.StatementImpl.executeUpdate(StatementImpl.java:1245)
	at ufpa.biod.pp2oa.database.MySqlCreate.createParameter(MySqlCreate.java:321)
	at ufpa.biod.pp2oa.database.MySqlCreate.create(MySqlCreate.java:77)
	at ufpa.biod.pp2oa.database.ManagerDb.create(ManagerDb.java:31)
	at ufpa.biod.pp2oa.server.Server.<init>(Server.java:43)
	at ufpa.biod.pp2oa.server.Server.main(Server.java:100)
2024-05-25 17:37:39.478 [main] ERROR ufpa.biod.pp2oa.server.Server - Error starting the server
java.net.BindException: Address already in use: bind
	at java.base/sun.nio.ch.Net.bind0(Native Method)
	at java.base/sun.nio.ch.Net.bind(Net.java:555)
	at java.base/sun.nio.ch.Net.bind(Net.java:544)
	at java.base/sun.nio.ch.NioSocketImpl.bind(NioSocketImpl.java:648)
	at java.base/java.net.ServerSocket.bind(ServerSocket.java:388)
	at java.base/java.net.ServerSocket.<init>(ServerSocket.java:274)
	at java.base/java.net.ServerSocket.<init>(ServerSocket.java:167)
	at ufpa.biod.pp2oa.server.Server.start(Server.java:66)
	at ufpa.biod.pp2oa.server.Server.main(Server.java:101)
2024-05-25 17:48:45.553 [main] ERROR u.biod.pp2oa.database.MySqlCreate - Error executing SQL statements for creating project table
java.sql.SQLSyntaxErrorException: You have an error in your SQL syntax; check the manual that corresponds to your MySQL server version for the right syntax to use near '(33, 1, 9, 'index', NULL),
(34, 1, 9, '-t', '%refer%'),
(35, 1, 9, '-i', '%curre' at line 34
	at com.mysql.cj.jdbc.exceptions.SQLError.createSQLException(SQLError.java:121)
	at com.mysql.cj.jdbc.exceptions.SQLExceptionsMapping.translateException(SQLExceptionsMapping.java:122)
	at com.mysql.cj.jdbc.StatementImpl.executeUpdateInternal(StatementImpl.java:1334)
	at com.mysql.cj.jdbc.StatementImpl.executeLargeUpdate(StatementImpl.java:2084)
	at com.mysql.cj.jdbc.StatementImpl.executeUpdate(StatementImpl.java:1245)
	at ufpa.biod.pp2oa.database.MySqlCreate.createParameter(MySqlCreate.java:321)
	at ufpa.biod.pp2oa.database.MySqlCreate.create(MySqlCreate.java:77)
	at ufpa.biod.pp2oa.database.ManagerDb.create(ManagerDb.java:31)
	at ufpa.biod.pp2oa.server.Server.<init>(Server.java:43)
	at ufpa.biod.pp2oa.server.Server.main(Server.java:100)
2024-05-26 01:42:53.278 [main] ERROR ufpa.biod.pp2oa.server.Server - Error starting the server
java.net.BindException: Address already in use: bind
	at java.base/sun.nio.ch.Net.bind0(Native Method)
	at java.base/sun.nio.ch.Net.bind(Net.java:555)
	at java.base/sun.nio.ch.Net.bind(Net.java:544)
	at java.base/sun.nio.ch.NioSocketImpl.bind(NioSocketImpl.java:648)
	at java.base/java.net.ServerSocket.bind(ServerSocket.java:388)
	at java.base/java.net.ServerSocket.<init>(ServerSocket.java:274)
	at java.base/java.net.ServerSocket.<init>(ServerSocket.java:167)
	at ufpa.biod.pp2oa.server.Server.start(Server.java:66)
	at ufpa.biod.pp2oa.server.Server.main(Server.java:101)
2024-05-26 02:00:40.580 [main] ERROR ufpa.biod.pp2oa.server.Server - Error starting the server
java.net.BindException: Address already in use: bind
	at java.base/sun.nio.ch.Net.bind0(Native Method)
	at java.base/sun.nio.ch.Net.bind(Net.java:555)
	at java.base/sun.nio.ch.Net.bind(Net.java:544)
	at java.base/sun.nio.ch.NioSocketImpl.bind(NioSocketImpl.java:648)
	at java.base/java.net.ServerSocket.bind(ServerSocket.java:388)
	at java.base/java.net.ServerSocket.<init>(ServerSocket.java:274)
	at java.base/java.net.ServerSocket.<init>(ServerSocket.java:167)
	at ufpa.biod.pp2oa.server.Server.start(Server.java:66)
	at ufpa.biod.pp2oa.server.Server.main(Server.java:101)
2024-05-26 02:01:13.194 [main] ERROR ufpa.biod.pp2oa.server.Server - Error starting the server
java.net.BindException: Address already in use: bind
	at java.base/sun.nio.ch.Net.bind0(Native Method)
	at java.base/sun.nio.ch.Net.bind(Net.java:555)
	at java.base/sun.nio.ch.Net.bind(Net.java:544)
	at java.base/sun.nio.ch.NioSocketImpl.bind(NioSocketImpl.java:648)
	at java.base/java.net.ServerSocket.bind(ServerSocket.java:388)
	at java.base/java.net.ServerSocket.<init>(ServerSocket.java:274)
	at java.base/java.net.ServerSocket.<init>(ServerSocket.java:167)
	at ufpa.biod.pp2oa.server.Server.start(Server.java:66)
	at ufpa.biod.pp2oa.server.Server.main(Server.java:101)
2024-05-26 02:01:26.117 [main] ERROR ufpa.biod.pp2oa.server.Server - Error starting the server
java.net.BindException: Address already in use: bind
	at java.base/sun.nio.ch.Net.bind0(Native Method)
	at java.base/sun.nio.ch.Net.bind(Net.java:555)
	at java.base/sun.nio.ch.Net.bind(Net.java:544)
	at java.base/sun.nio.ch.NioSocketImpl.bind(NioSocketImpl.java:648)
	at java.base/java.net.ServerSocket.bind(ServerSocket.java:388)
	at java.base/java.net.ServerSocket.<init>(ServerSocket.java:274)
	at java.base/java.net.ServerSocket.<init>(ServerSocket.java:167)
	at ufpa.biod.pp2oa.server.Server.start(Server.java:66)
	at ufpa.biod.pp2oa.server.Server.main(Server.java:101)
